<?xml version="1.0" encoding="UTF-8"?>
<!-- Generated by org.testng.reporters.JUnitReportReporter -->
<testsuite hostname="Z422" failures="0" tests="1" name="ResponseValidataion.GetProjectUsingStaticResponseValidation" time="5.530" errors="0" timestamp="2022-04-21T12:02:58 IST" skipped="0">
  <testcase classname="ResponseValidataion.GetProjectUsingStaticResponseValidation" name="GetProjectUsingStaticResponseValidation" time="5.530"/>
  <system-out/>
</testsuite> <!-- ResponseValidataion.GetProjectUsingStaticResponseValidation -->
