<?xml version="1.0" encoding="UTF-8"?>
<!-- Generated by org.testng.reporters.JUnitReportReporter -->
<testsuite hostname="Z422" failures="0" tests="1" name="CredOperationsWithBDD.GetAllProjects" time="3.975" errors="0" timestamp="2022-04-21T12:12:16 IST" skipped="0">
  <testcase classname="CredOperationsWithBDD.GetAllProjects" name="GetAllProjects" time="3.975"/>
  <system-out/>
</testsuite> <!-- CredOperationsWithBDD.GetAllProjects -->
