<?xml version="1.0" encoding="UTF-8"?>
<!-- Generated by org.testng.reporters.JUnitReportReporter -->
<testsuite hostname="Z422" failures="0" tests="1" name="CRUDoperationsWithoutBdd.CreateProjectTest" time="4.026" errors="0" timestamp="2022-04-20T12:28:01 IST" skipped="0">
  <testcase classname="CRUDoperationsWithoutBdd.CreateProjectTest" name="CreateProjectTest" time="4.026"/>
  <system-out/>
</testsuite> <!-- CRUDoperationsWithoutBdd.CreateProjectTest -->
