<?xml version="1.0" encoding="UTF-8"?>
<!-- Generated by org.testng.reporters.JUnitReportReporter -->
<testsuite hostname="Z422" failures="0" tests="1" name="Parameter.ParametersTestForGit" time="5.926" errors="0" timestamp="2022-04-21T16:02:01 IST" skipped="0">
  <testcase classname="Parameter.ParametersTestForGit" name="ParametersTestForGit" time="5.926"/>
  <system-out/>
</testsuite> <!-- Parameter.ParametersTestForGit -->
