<?xml version="1.0" encoding="UTF-8"?>
<!-- Generated by org.testng.reporters.JUnitReportReporter -->
<testsuite hostname="Z422" failures="0" tests="1" name="RequsetChining.CraeteProjectAndGetProject" time="10.680" errors="0" timestamp="2022-04-21T15:47:14 IST" skipped="0">
  <testcase classname="RequsetChining.CraeteProjectAndGetProject" name="CraeteProjectAndGetProject" time="10.680"/>
  <system-out/>
</testsuite> <!-- RequsetChining.CraeteProjectAndGetProject -->
