<?xml version="1.0" encoding="UTF-8"?>
<!-- Generated by org.testng.reporters.JUnitReportReporter -->
<testsuite hostname="Z422" failures="0" tests="1" name="CredOperationsWithoutBDD.GetAllProjectsTest" time="7.955" errors="0" timestamp="2022-04-21T14:49:16 IST" skipped="0">
  <testcase classname="CredOperationsWithoutBDD.GetAllProjectsTest" name="GetAllProjects" time="7.955"/>
  <system-out/>
</testsuite> <!-- CredOperationsWithoutBDD.GetAllProjectsTest -->
