<?xml version="1.0" encoding="UTF-8"?>
<!-- Generated by org.testng.reporters.JUnitReportReporter -->
<testsuite hostname="Z422" failures="0" tests="1" name="ResponseValidataion.GetProjectUsingDynamicResponseValidation" time="4.707" errors="0" timestamp="2022-04-21T12:15:08 IST" skipped="0">
  <testcase classname="ResponseValidataion.GetProjectUsingDynamicResponseValidation" name="GetProjectUsingDynamicResponseValidation" time="4.707"/>
  <system-out/>
</testsuite> <!-- ResponseValidataion.GetProjectUsingDynamicResponseValidation -->
