<?xml version="1.0" encoding="UTF-8"?>
<!-- Generated by org.testng.reporters.JUnitReportReporter -->
<testsuite hostname="Z422" failures="0" tests="3" name="Authentication.BasicAuth" time="6.068" errors="0" timestamp="2022-04-21T16:39:58 IST" skipped="0">
  <testcase classname="Authentication.BasicAuth" name="BasicAuth" time="4.308"/>
  <system-out/>
  <testcase classname="Authentication.BasicAuth" name="basicDigestivePath" time="0.940"/>
  <system-out/>
  <testcase classname="Authentication.BasicAuth" name="basicPreEmpitiveAuth" time="0.820"/>
  <system-out/>
</testsuite> <!-- Authentication.BasicAuth -->
