<?xml version="1.0" encoding="UTF-8"?>
<!-- Generated by org.testng.reporters.JUnitReportReporter -->
<testsuite hostname="Z422" failures="0" tests="1" name="Authentication.BearerToken" time="7.321" errors="0" timestamp="2022-04-21T16:29:43 IST" skipped="0">
  <testcase classname="Authentication.BearerToken" name="bearerToken" time="7.321"/>
  <system-out/>
</testsuite> <!-- Authentication.BearerToken -->
