<?xml version="1.0" encoding="UTF-8"?>
<!-- Generated by org.testng.reporters.JUnitReportReporter -->
<testsuite hostname="Z422" failures="0" tests="1" name="CredOperationsWithBDD.UpdateProjectTest" time="4.792" errors="0" timestamp="2022-04-20T15:13:34 IST" skipped="0">
  <testcase classname="CredOperationsWithBDD.UpdateProjectTest" name="UpdateProjectTest" time="4.792"/>
  <system-out/>
</testsuite> <!-- CredOperationsWithBDD.UpdateProjectTest -->
