<?xml version="1.0" encoding="UTF-8"?>
<!-- Generated by org.testng.reporters.JUnitReportReporter -->
<testsuite hostname="Z422" failures="0" tests="1" name="ResponseValidataion.CreateProjectUsingStaticResponseValidation" time="9.393" errors="0" timestamp="2022-04-21T11:40:38 IST" skipped="0">
  <testcase classname="ResponseValidataion.CreateProjectUsingStaticResponseValidation" name="CreateProjectUsingStaticResponseValidation" time="9.393"/>
  <system-out/>
</testsuite> <!-- ResponseValidataion.CreateProjectUsingStaticResponseValidation -->
