<?xml version="1.0" encoding="UTF-8"?>
<!-- Generated by org.testng.reporters.JUnitReportReporter -->
<testsuite hostname="Z422" failures="0" tests="1" name="CRUDoperationsWithoutBdd.DeleteProjectTest" time="4.254" errors="0" timestamp="2022-04-20T12:56:10 IST" skipped="0">
  <testcase classname="CRUDoperationsWithoutBdd.DeleteProjectTest" name="DeleteProjectTest" time="4.254"/>
  <system-out/>
</testsuite> <!-- CRUDoperationsWithoutBdd.DeleteProjectTest -->
