<?xml version="1.0" encoding="UTF-8"?>
<!-- Generated by org.testng.reporters.JUnitReportReporter -->
<testsuite hostname="Z422" failures="0" tests="1" name="Parameter.PathParameter" time="5.417" errors="0" timestamp="2022-04-22T07:05:07 IST" skipped="0">
  <testcase classname="Parameter.PathParameter" name="PathParameter" time="5.417"/>
  <system-out/>
</testsuite> <!-- Parameter.PathParameter -->
