<?xml version="1.0" encoding="UTF-8"?>
<!-- Generated by org.testng.reporters.JUnitReportReporter -->
<testsuite hostname="Z422" failures="0" tests="1" name="CredOperationsWithoutBDD.DeleteProjectTest" time="3.695" errors="0" timestamp="2022-04-20T14:32:21 IST" skipped="0">
  <testcase classname="CredOperationsWithoutBDD.DeleteProjectTest" name="DeleteProjectTest" time="3.695"/>
  <system-out/>
</testsuite> <!-- CredOperationsWithoutBDD.DeleteProjectTest -->
