<?xml version="1.0" encoding="UTF-8"?>
<!-- Generated by org.testng.reporters.JUnitReportReporter -->
<testsuite hostname="Z422" failures="0" tests="1" name="CredOperationsWithBDD.DeleteProjectTest" time="3.740" errors="0" timestamp="2022-04-20T15:17:31 IST" skipped="0">
  <testcase classname="CredOperationsWithBDD.DeleteProjectTest" name="DeleteProjectTest" time="3.740"/>
  <system-out/>
</testsuite> <!-- CredOperationsWithBDD.DeleteProjectTest -->
