<?xml version="1.0" encoding="UTF-8"?>
<!-- Generated by org.testng.reporters.JUnitReportReporter -->
<testsuite hostname="Z422" failures="0" tests="1" name="CredOperationsWithoutBDD.CreateProjectTest" time="15.473" errors="0" timestamp="2022-04-21T20:18:55 IST" skipped="0">
  <testcase classname="CredOperationsWithoutBDD.CreateProjectTest" name="CreateProjectTest" time="15.473"/>
  <system-out/>
</testsuite> <!-- CredOperationsWithoutBDD.CreateProjectTest -->
