<?xml version="1.0" encoding="UTF-8"?>
<!-- Generated by org.testng.reporters.JUnitReportReporter -->
<testsuite hostname="Z422" failures="0" tests="1" name="DiffrentWaysRequestToPost.CreatingProjectUsingJsonObject" time="5.480" errors="0" timestamp="2022-04-20T16:39:20 IST" skipped="0">
  <testcase classname="DiffrentWaysRequestToPost.CreatingProjectUsingJsonObject" name="CreatingProjectUsingJsonObject" time="5.480"/>
  <system-out/>
</testsuite> <!-- DiffrentWaysRequestToPost.CreatingProjectUsingJsonObject -->
