<?xml version="1.0" encoding="UTF-8"?>
<!-- Generated by org.testng.reporters.JUnitReportReporter -->
<testsuite hostname="Z422" failures="0" tests="1" name="ResponseValidataion.ResponseTimeValidation" time="4.951" errors="0" timestamp="2022-04-21T13:44:15 IST" skipped="0">
  <testcase classname="ResponseValidataion.ResponseTimeValidation" name="ResponseTimeValidation" time="4.951"/>
  <system-out/>
</testsuite> <!-- ResponseValidataion.ResponseTimeValidation -->
