<?xml version="1.0" encoding="UTF-8"?>
<!-- Generated by org.testng.reporters.JUnitReportReporter -->
<testsuite hostname="Z422" failures="0" tests="1" name="CredOperationsWithBDD.CreateProject" time="4.880" errors="0" timestamp="2022-04-21T20:21:23 IST" skipped="0">
  <testcase classname="CredOperationsWithBDD.CreateProject" name="CreateProject" time="4.880"/>
  <system-out/>
</testsuite> <!-- CredOperationsWithBDD.CreateProject -->
