<?xml version="1.0" encoding="UTF-8"?>
<!-- Generated by org.testng.reporters.JUnitReportReporter -->
<testsuite hostname="Z422" failures="0" tests="1" name="DiffrentWaysRequestToPost.CreateProjectUsingJSONFile" time="4.060" errors="0" timestamp="2022-04-20T17:11:32 IST" skipped="0">
  <testcase classname="DiffrentWaysRequestToPost.CreateProjectUsingJSONFile" name="CreateProjectUsingJSONFile" time="4.060"/>
  <system-out/>
</testsuite> <!-- DiffrentWaysRequestToPost.CreateProjectUsingJSONFile -->
