<?xml version="1.0" encoding="UTF-8"?>
<!-- Generated by org.testng.reporters.JUnitReportReporter -->
<testsuite hostname="Z422" failures="0" tests="3" name="DataDrivenTesing.CreateMultipalProjectWithDiffData" time="9.863" errors="0" timestamp="2022-04-21T13:56:30 IST" skipped="0">
  <testcase classname="DataDrivenTesing.CreateMultipalProjectWithDiffData" name="createMultipa" time="0.382"/>
  <system-out/>
  <testcase classname="DataDrivenTesing.CreateMultipalProjectWithDiffData" name="createMultipa" time="8.945"/>
  <system-out/>
  <testcase classname="DataDrivenTesing.CreateMultipalProjectWithDiffData" name="createMultipa" time="0.536"/>
  <system-out/>
</testsuite> <!-- DataDrivenTesing.CreateMultipalProjectWithDiffData -->
