<?xml version="1.0" encoding="UTF-8"?>
<!-- Generated by org.testng.reporters.JUnitReportReporter -->
<testsuite hostname="Z422" failures="0" tests="1" name="CRUDoperationsWithoutBdd.UpdateProjectTest" time="7.072" errors="0" timestamp="2022-04-20T12:53:15 IST" skipped="0">
  <testcase classname="CRUDoperationsWithoutBdd.UpdateProjectTest" name="UpdateProjectTest" time="7.072"/>
  <system-out/>
</testsuite> <!-- CRUDoperationsWithoutBdd.UpdateProjectTest -->
