<?xml version="1.0" encoding="UTF-8"?>
<!-- Generated by org.testng.reporters.JUnitReportReporter -->
<testsuite hostname="Z422" failures="0" tests="1" name="DiffrentWaysRequestToPost.CreateProjectUsingHashmap" time="5.030" errors="0" timestamp="2022-04-20T16:46:25 IST" skipped="0">
  <testcase classname="DiffrentWaysRequestToPost.CreateProjectUsingHashmap" name="CreateProjectUsingHashmap" time="5.030"/>
  <system-out/>
</testsuite> <!-- DiffrentWaysRequestToPost.CreateProjectUsingHashmap -->
