<?xml version="1.0" encoding="UTF-8"?>
<!-- Generated by org.testng.reporters.JUnitReportReporter -->
<testsuite hostname="Z422" failures="0" tests="1" name="Parameter.QueryParameter" time="4.992" errors="0" timestamp="2022-04-22T07:08:57 IST" skipped="0">
  <testcase classname="Parameter.QueryParameter" name="QueryParameter" time="4.992"/>
  <system-out/>
</testsuite> <!-- Parameter.QueryParameter -->
