<?xml version="1.0" encoding="UTF-8"?>
<!-- Generated by org.testng.reporters.JUnitReportReporter -->
<testsuite hostname="Z422" failures="0" tests="1" name="DiffrentWaysRequestToPost.CreatingProjectUsingPOJO" time="10.087" errors="0" timestamp="2022-04-20T16:53:08 IST" skipped="0">
  <testcase classname="DiffrentWaysRequestToPost.CreatingProjectUsingPOJO" name="CreatingProjectUsingPOJO" time="10.087"/>
  <system-out/>
</testsuite> <!-- DiffrentWaysRequestToPost.CreatingProjectUsingPOJO -->
