<?xml version="1.0" encoding="UTF-8"?>
<!-- Generated by org.testng.reporters.JUnitReportReporter -->
<testsuite hostname="Z422" failures="0" tests="1" name="CRUDoperationsWithoutBdd.GetSingleProjectTest" time="3.396" errors="0" timestamp="2022-04-20T12:54:49 IST" skipped="0">
  <testcase classname="CRUDoperationsWithoutBdd.GetSingleProjectTest" name="GetSingleProjectTest" time="3.396"/>
  <system-out/>
</testsuite> <!-- CRUDoperationsWithoutBdd.GetSingleProjectTest -->
