<?xml version="1.0" encoding="UTF-8"?>
<!-- Generated by org.testng.reporters.JUnitReportReporter -->
<testsuite hostname="Z422" failures="0" tests="1" name="CRUDoperationsWithoutBdd.GetAllProjects" time="19.082" errors="0" timestamp="2022-04-19T17:25:26 IST" skipped="0">
  <testcase classname="CRUDoperationsWithoutBdd.GetAllProjects" name="GetAllProjects" time="19.082"/>
  <system-out/>
</testsuite> <!-- CRUDoperationsWithoutBdd.GetAllProjects -->
