<?xml version="1.0" encoding="UTF-8"?>
<!-- Generated by org.testng.reporters.JUnitReportReporter -->
<testsuite hostname="Z422" failures="0" tests="1" name="CredOperationsWithBDD.GetSingleProject" time="3.791" errors="0" timestamp="2022-04-20T15:05:19 IST" skipped="0">
  <testcase classname="CredOperationsWithBDD.GetSingleProject" name="GetSingleProject" time="3.791"/>
  <system-out/>
</testsuite> <!-- CredOperationsWithBDD.GetSingleProject -->
