<?xml version="1.0" encoding="UTF-8"?>
<!-- Generated by org.testng.reporters.JUnitReportReporter -->
<testsuite hostname="Z422" failures="0" tests="1" name="Parameter.FormPrameter" time="4.619" errors="0" timestamp="2022-04-21T15:07:35 IST" skipped="0">
  <testcase classname="Parameter.FormPrameter" name="FormPrameter" time="4.619"/>
  <system-out/>
</testsuite> <!-- Parameter.FormPrameter -->
