<?xml version="1.0" encoding="UTF-8"?>
<!-- Generated by org.testng.reporters.JUnitReportReporter -->
<testsuite hostname="Z422" failures="0" tests="1" name="CRUDoperationsWithoutBdd.GetAllProjectsTest" time="3.708" errors="0" timestamp="2022-04-20T12:57:47 IST" skipped="0">
  <testcase classname="CRUDoperationsWithoutBdd.GetAllProjectsTest" name="GetAllProjects" time="3.708"/>
  <system-out/>
</testsuite> <!-- CRUDoperationsWithoutBdd.GetAllProjectsTest -->
